2025-05-12 16:15:14,921 - DefenseMechanism - INFO - 트래픽 차단 시스템 초기화 완료
2025-05-12 16:15:14,922 - DefenseMechanism - INFO - 알림 시스템 초기화 완료
2025-05-12 16:15:14,923 - DefenseMechanism - INFO - 트래픽 차단 시스템 초기화 완료
2025-05-12 16:15:14,923 - DefenseMechanism - INFO - 알림 시스템 초기화 완료
2025-05-12 16:15:14,924 - DefenseMechanism - INFO - 자동 방어 시스템 초기화 완료
2025-05-12 16:15:14,924 - DefenseMechanism - INFO - 방어 메커니즘 관리자 초기화 완료
2025-05-13 02:45:40,748 - DefenseMechanism - INFO - 트래픽 차단 시스템 초기화 완료
2025-05-13 02:45:40,750 - DefenseMechanism - INFO - 알림 시스템 초기화 완료
2025-05-13 02:45:40,751 - DefenseMechanism - INFO - 트래픽 차단 시스템 초기화 완료
2025-05-13 02:45:40,751 - DefenseMechanism - INFO - 알림 시스템 초기화 완료
2025-05-13 02:45:40,751 - DefenseMechanism - INFO - 자동 방어 시스템 초기화 완료
2025-05-13 02:45:40,751 - DefenseMechanism - INFO - 방어 메커니즘 관리자 초기화 완료
2025-05-14 16:28:07,283 - DefenseMechanism - INFO - 트래픽 차단 시스템 초기화 완료
2025-05-14 16:28:07,284 - DefenseMechanism - INFO - 알림 시스템 초기화 완료
2025-05-14 16:28:07,285 - DefenseMechanism - INFO - 트래픽 차단 시스템 초기화 완료
2025-05-14 16:28:07,285 - DefenseMechanism - INFO - 알림 시스템 초기화 완료
2025-05-14 16:28:07,285 - DefenseMechanism - INFO - 자동 방어 시스템 초기화 완료
2025-05-14 16:28:07,286 - DefenseMechanism - INFO - 방어 메커니즘 관리자 초기화 완료
2025-05-17 03:37:18,231 - DefenseMechanism - INFO - 트래픽 차단 시스템 초기화 완료
2025-05-17 03:37:18,232 - DefenseMechanism - INFO - 알림 시스템 초기화 완료
2025-05-17 03:37:18,233 - DefenseMechanism - INFO - 트래픽 차단 시스템 초기화 완료
2025-05-17 03:37:18,234 - DefenseMechanism - INFO - 알림 시스템 초기화 완료
2025-05-17 03:37:18,235 - DefenseMechanism - INFO - 자동 방어 시스템 초기화 완료
2025-05-17 03:37:18,236 - DefenseMechanism - INFO - 경량 모드로 실행 중입니다.
2025-05-17 03:37:18,237 - DefenseMechanism - INFO - 방어 메커니즘 관리자 초기화 완료 (모드: lightweight)
2025-05-17 03:44:44,429 - DefenseMechanism - INFO - 트래픽 차단 시스템 초기화 완료
2025-05-17 03:44:44,429 - DefenseMechanism - INFO - 알림 시스템 초기화 완료
2025-05-17 03:44:44,429 - DefenseMechanism - INFO - 트래픽 차단 시스템 초기화 완료
2025-05-17 03:44:44,430 - DefenseMechanism - INFO - 알림 시스템 초기화 완료
2025-05-17 03:44:44,430 - DefenseMechanism - INFO - 자동 방어 시스템 초기화 완료
2025-05-17 03:44:44,430 - DefenseMechanism - INFO - 경량 모드로 실행 중입니다.
2025-05-17 03:44:44,430 - DefenseMechanism - INFO - 방어 메커니즘 관리자 초기화 완료 (모드: lightweight)
2025-05-17 03:48:22,174 - DefenseMechanism - INFO - 트래픽 차단 시스템 초기화 완료
2025-05-17 03:48:22,175 - DefenseMechanism - INFO - 알림 시스템 초기화 완료
2025-05-17 03:48:22,175 - DefenseMechanism - INFO - 트래픽 차단 시스템 초기화 완료
2025-05-17 03:48:22,175 - DefenseMechanism - INFO - 알림 시스템 초기화 완료
2025-05-17 03:48:22,175 - DefenseMechanism - INFO - 자동 방어 시스템 초기화 완료
2025-05-17 03:48:22,175 - DefenseMechanism - WARNING - 수리카타 지원 모듈을 찾을 수 없습니다. 경량 모드로 전환합니다.
2025-05-17 03:48:22,175 - DefenseMechanism - INFO - 방어 메커니즘 관리자 초기화 완료 (모드: lightweight)
2025-05-17 03:54:21,415 - DefenseMechanism - INFO - 트래픽 차단 시스템 초기화 완료
2025-05-17 03:54:21,416 - DefenseMechanism - INFO - 알림 시스템 초기화 완료
2025-05-17 03:54:21,416 - DefenseMechanism - INFO - 트래픽 차단 시스템 초기화 완료
2025-05-17 03:54:21,416 - DefenseMechanism - INFO - 알림 시스템 초기화 완료
2025-05-17 03:54:21,416 - DefenseMechanism - INFO - 자동 방어 시스템 초기화 완료
2025-05-17 03:54:21,416 - DefenseMechanism - INFO - 경량 모드로 실행 중입니다.
2025-05-17 03:54:21,416 - DefenseMechanism - INFO - 방어 메커니즘 관리자 초기화 완료 (모드: lightweight)
2025-05-17 04:18:44,182 - DefenseMechanism - INFO - 트래픽 차단 시스템 초기화 완료
2025-05-17 04:18:44,182 - DefenseMechanism - INFO - 알림 시스템 초기화 완료
2025-05-17 04:18:44,182 - DefenseMechanism - INFO - 트래픽 차단 시스템 초기화 완료
2025-05-17 04:18:44,182 - DefenseMechanism - INFO - 알림 시스템 초기화 완료
2025-05-17 04:18:44,182 - DefenseMechanism - INFO - 자동 방어 시스템 초기화 완료
2025-05-17 04:18:44,183 - DefenseMechanism - WARNING - 수리카타 지원 모듈을 찾을 수 없습니다. 경량 모드로 전환합니다.
2025-05-17 04:18:44,183 - DefenseMechanism - INFO - 방어 메커니즘 관리자 초기화 완료 (모드: lightweight)
2025-05-17 04:19:11,624 - DefenseMechanism - INFO - 트래픽 차단 시스템 초기화 완료
2025-05-17 04:19:11,624 - DefenseMechanism - INFO - 알림 시스템 초기화 완료
2025-05-17 04:19:11,625 - DefenseMechanism - INFO - 트래픽 차단 시스템 초기화 완료
2025-05-17 04:19:11,625 - DefenseMechanism - INFO - 알림 시스템 초기화 완료
2025-05-17 04:19:11,625 - DefenseMechanism - INFO - 자동 방어 시스템 초기화 완료
2025-05-17 04:19:11,625 - DefenseMechanism - WARNING - 수리카타 지원 모듈을 찾을 수 없습니다. 경량 모드로 전환합니다.
2025-05-17 04:19:11,625 - DefenseMechanism - INFO - 방어 메커니즘 관리자 초기화 완료 (모드: lightweight)
2025-05-17 04:24:19,769 - DefenseMechanism - INFO - 트래픽 차단 시스템 초기화 완료
2025-05-17 04:24:19,770 - DefenseMechanism - INFO - 알림 시스템 초기화 완료
2025-05-17 04:24:19,770 - DefenseMechanism - INFO - 트래픽 차단 시스템 초기화 완료
2025-05-17 04:24:19,770 - DefenseMechanism - INFO - 알림 시스템 초기화 완료
2025-05-17 04:24:19,771 - DefenseMechanism - INFO - 자동 방어 시스템 초기화 완료
2025-05-17 04:24:19,771 - DefenseMechanism - WARNING - 수리카타 지원 모듈을 찾을 수 없습니다. 경량 모드로 전환합니다.
2025-05-17 04:24:19,771 - DefenseMechanism - INFO - 방어 메커니즘 관리자 초기화 완료 (모드: lightweight)
2025-05-17 22:32:59,330 - DefenseMechanism - INFO - 트래픽 차단 시스템 초기화 완료
2025-05-17 22:32:59,331 - DefenseMechanism - INFO - 알림 시스템 초기화 완료
2025-05-17 22:32:59,331 - DefenseMechanism - INFO - 트래픽 차단 시스템 초기화 완료
2025-05-17 22:32:59,331 - DefenseMechanism - INFO - 알림 시스템 초기화 완료
2025-05-17 22:32:59,331 - DefenseMechanism - INFO - 자동 방어 시스템 초기화 완료
2025-05-17 22:32:59,331 - DefenseMechanism - INFO - 경량 모드로 실행 중입니다.
2025-05-17 22:32:59,331 - DefenseMechanism - INFO - 방어 메커니즘 관리자 초기화 완료 (모드: lightweight)
2025-05-19 01:58:58,888 - DefenseMechanism - INFO - 트래픽 차단 시스템 초기화 완료
2025-05-19 01:58:58,888 - DefenseMechanism - INFO - 알림 시스템 초기화 완료
2025-05-19 01:58:58,888 - DefenseMechanism - INFO - 트래픽 차단 시스템 초기화 완료
2025-05-19 01:58:58,889 - DefenseMechanism - INFO - 알림 시스템 초기화 완료
2025-05-19 01:58:58,889 - DefenseMechanism - INFO - 자동 방어 시스템 초기화 완료
2025-05-19 01:58:58,889 - DefenseMechanism - WARNING - 수리카타 지원 모듈을 찾을 수 없습니다. 경량 모드로 전환합니다.
2025-05-19 01:58:58,889 - DefenseMechanism - INFO - 방어 메커니즘 관리자 초기화 완료 (모드: lightweight)
2025-05-19 02:43:09,948 - DefenseMechanism - INFO - 트래픽 차단 시스템 초기화 완료
2025-05-19 02:43:09,948 - DefenseMechanism - INFO - 알림 시스템 초기화 완료
2025-05-19 02:43:09,949 - DefenseMechanism - INFO - 트래픽 차단 시스템 초기화 완료
2025-05-19 02:43:09,949 - DefenseMechanism - INFO - 알림 시스템 초기화 완료
2025-05-19 02:43:09,949 - DefenseMechanism - INFO - 자동 방어 시스템 초기화 완료
2025-05-19 02:43:09,949 - DefenseMechanism - INFO - 경량 모드로 실행 중입니다.
2025-05-19 02:43:09,949 - DefenseMechanism - INFO - 방어 메커니즘 관리자 초기화 완료 (모드: lightweight)
2025-05-19 02:46:20,191 - DefenseMechanism - INFO - 트래픽 차단 시스템 초기화 완료
2025-05-19 02:46:20,191 - DefenseMechanism - INFO - 알림 시스템 초기화 완료
2025-05-19 02:46:20,191 - DefenseMechanism - INFO - 트래픽 차단 시스템 초기화 완료
2025-05-19 02:46:20,191 - DefenseMechanism - INFO - 알림 시스템 초기화 완료
2025-05-19 02:46:20,191 - DefenseMechanism - INFO - 자동 방어 시스템 초기화 완료
2025-05-19 02:46:20,192 - DefenseMechanism - INFO - 경량 모드로 실행 중입니다.
2025-05-19 02:46:20,192 - DefenseMechanism - INFO - 방어 메커니즘 관리자 초기화 완료 (모드: lightweight)
2025-05-19 02:47:15,652 - DefenseMechanism - INFO - 트래픽 차단 시스템 초기화 완료
2025-05-19 02:47:15,652 - DefenseMechanism - INFO - 알림 시스템 초기화 완료
2025-05-19 02:47:15,653 - DefenseMechanism - INFO - 트래픽 차단 시스템 초기화 완료
2025-05-19 02:47:15,653 - DefenseMechanism - INFO - 알림 시스템 초기화 완료
2025-05-19 02:47:15,653 - DefenseMechanism - INFO - 자동 방어 시스템 초기화 완료
2025-05-19 02:47:15,653 - DefenseMechanism - INFO - 경량 모드로 실행 중입니다.
2025-05-19 02:47:15,653 - DefenseMechanism - INFO - 방어 메커니즘 관리자 초기화 완료 (모드: lightweight)
