2025-05-20 03:18:37,176 - DefenseMechanism - INFO - 트래픽 차단 시스템 초기화 완료
2025-05-20 03:18:37,176 - DefenseMechanism - INFO - 알림 시스템 초기화 완료
2025-05-20 03:20:56,728 - DefenseMechanism - INFO - 트래픽 차단 시스템 초기화 완료
2025-05-20 03:20:56,729 - DefenseMechanism - INFO - 알림 시스템 초기화 완료
2025-05-20 03:21:30,592 - DefenseMechanism - INFO - 트래픽 차단 시스템 초기화 완료
2025-05-20 03:21:30,592 - DefenseMechanism - INFO - 알림 시스템 초기화 완료
2025-05-20 03:24:28,104 - DefenseMechanism - INFO - 트래픽 차단 시스템 초기화 완료
2025-05-20 03:24:28,107 - DefenseMechanism - INFO - 알림 시스템 초기화 완료
2025-05-20 03:28:17,287 - DefenseMechanism - INFO - 트래픽 차단 시스템 초기화 완료
2025-05-20 03:28:17,288 - DefenseMechanism - INFO - 알림 시스템 초기화 완료
2025-05-20 03:33:12,253 - DefenseMechanism - INFO - 트래픽 차단 시스템 초기화 완료
2025-05-20 03:33:12,254 - DefenseMechanism - INFO - 알림 시스템 초기화 완료
2025-05-20 03:35:26,920 - DefenseMechanism - INFO - 트래픽 차단 시스템 초기화 완료
2025-05-20 03:35:26,921 - DefenseMechanism - INFO - 알림 시스템 초기화 완료
2025-05-20 03:42:14,108 - DefenseMechanism - INFO - 트래픽 차단 시스템 초기화 완료
2025-05-20 03:42:14,108 - DefenseMechanism - INFO - 알림 시스템 초기화 완료
2025-05-20 03:42:14,109 - DefenseMechanism - INFO - 트래픽 차단 시스템 초기화 완료
2025-05-20 03:42:14,109 - DefenseMechanism - INFO - 알림 시스템 초기화 완료
2025-05-20 03:42:14,109 - DefenseMechanism - WARNING - 수리카타 지원 모듈을 찾을 수 없습니다. 경량 모드로 전환합니다.
2025-05-20 03:42:14,109 - DefenseMechanism - INFO - 방어 메커니즘 관리자 초기화 완료 (모드: lightweight)
2025-05-20 11:39:32,748 - DefenseMechanism - INFO - 트래픽 차단 시스템 초기화 완료
2025-05-20 11:39:32,749 - DefenseMechanism - INFO - 알림 시스템 초기화 완료
2025-05-20 11:39:32,751 - DefenseMechanism - INFO - 트래픽 차단 시스템 초기화 완료
2025-05-20 11:39:32,752 - DefenseMechanism - INFO - 알림 시스템 초기화 완료
2025-05-20 11:39:32,753 - DefenseMechanism - INFO - 경량 모드로 실행 중입니다.
2025-05-20 11:39:32,754 - DefenseMechanism - INFO - 방어 메커니즘 관리자 초기화 완료 (모드: lightweight)
2025-05-21 11:45:40,118 - DefenseMechanism - INFO - 트래픽 차단 시스템 초기화 완료
2025-05-21 11:45:40,119 - DefenseMechanism - INFO - 알림 시스템 초기화 완료
2025-05-21 11:45:40,120 - DefenseMechanism - INFO - 트래픽 차단 시스템 초기화 완료
2025-05-21 11:45:40,121 - DefenseMechanism - INFO - 알림 시스템 초기화 완료
2025-05-21 11:45:40,137 - DefenseMechanism - INFO - 경량 모드로 실행 중입니다.
2025-05-21 11:45:40,138 - DefenseMechanism - INFO - 방어 메커니즘 관리자 초기화 완료 (모드: lightweight)
2025-05-26 14:43:50,473 - DefenseMechanism - INFO - 트래픽 차단 시스템 초기화 완료
2025-05-26 14:43:50,474 - DefenseMechanism - INFO - 알림 시스템 초기화 완료
2025-05-26 14:43:50,475 - DefenseMechanism - INFO - 트래픽 차단 시스템 초기화 완료
2025-05-26 14:43:50,475 - DefenseMechanism - INFO - 알림 시스템 초기화 완료
2025-05-26 14:43:50,475 - DefenseMechanism - INFO - 경량 모드로 실행 중입니다.
2025-05-26 14:43:50,476 - DefenseMechanism - INFO - 방어 메커니즘 관리자 초기화 완료 (모드: lightweight)
2025-05-27 11:23:48,032 - DefenseMechanism - INFO - 트래픽 차단 시스템 초기화 완료
2025-05-27 11:23:48,034 - DefenseMechanism - INFO - 알림 시스템 초기화 완료
2025-05-27 11:23:48,035 - DefenseMechanism - INFO - 트래픽 차단 시스템 초기화 완료
2025-05-27 11:23:48,035 - DefenseMechanism - INFO - 알림 시스템 초기화 완료
2025-05-27 11:23:48,037 - DefenseMechanism - INFO - 경량 모드로 실행 중입니다.
2025-05-27 11:23:48,038 - DefenseMechanism - INFO - 방어 메커니즘 관리자 초기화 완료 (모드: lightweight)
2025-06-02 14:22:14,122 - DefenseMechanism - INFO - 트래픽 차단 시스템 초기화 완료
2025-06-02 14:22:14,123 - DefenseMechanism - INFO - 알림 시스템 초기화 완료
2025-06-02 14:22:14,137 - DefenseMechanism - INFO - 트래픽 차단 시스템 초기화 완료
2025-06-02 14:22:14,138 - DefenseMechanism - INFO - 알림 시스템 초기화 완료
2025-06-02 14:22:14,139 - DefenseMechanism - INFO - 경량 모드로 실행 중입니다.
2025-06-02 14:22:14,139 - DefenseMechanism - INFO - 방어 메커니즘 관리자 초기화 완료 (모드: lightweight)
