2025-07-20 09:16:15,244 - IDSAgent - INFO - 로깅 시스템 초기화 완료
2025-07-20 09:16:15,245 - IDSAgent - INFO - 모듈 경로 추가됨: c:\Users\dksd5\OneDrive\Desktop\Intrusion_DetectionSystem\IDS\modules
2025-07-20 09:16:15,589 - IDSAgent - INFO - 최적화된 패킷 캡처 모듈 사용
2025-07-20 09:16:15,619 - IDSAgent - INFO - 지연 로딩 시스템 초기화 완료 - 메모리 절약 예상: 125-195MB
2025-07-20 09:16:15,619 - IDSAgent - INFO - 모듈 임포트 성공!
2025-07-20 09:16:23,153 - IDSAgent - INFO - 운영 모드 설정: lightweight
2025-07-20 09:16:23,153 - IDSAgent - INFO - 로컬 환경에서 IDS 시스템 실행 시작
2025-07-20 09:16:23,153 - IDSAgent - INFO - 윈도우 환경 감지: 관리자 권한 확인 중...
2025-07-20 09:16:23,154 - IDSAgent - INFO - 관리자 권한으로 실행 중...
2025-07-20 09:16:23,183 - IDSAgent - INFO - 패킷 캡처 코어 초기화 중...
2025-07-20 09:16:23,184 - IDSAgent - INFO - 멀티프로세싱 패킷 캡처 활성화 (워커: 4개)
2025-07-20 09:16:23,184 - IDSAgent - INFO - lightweight 모드로 방어 메커니즘 초기화 중...
2025-07-20 09:16:23,184 - DefenseMechanism - INFO - 트래픽 차단 시스템 초기화 완료
2025-07-20 09:16:23,184 - DefenseMechanism - INFO - 알림 시스템 초기화 완료
2025-07-20 09:16:23,184 - DefenseMechanism - INFO - 트래픽 차단 시스템 초기화 완료
2025-07-20 09:16:23,184 - DefenseMechanism - INFO - 알림 시스템 초기화 완료
2025-07-20 09:16:23,185 - DefenseMechanism - INFO - 경량 모드로 실행 중입니다.
2025-07-20 09:16:23,185 - DefenseMechanism - INFO - 방어 메커니즘 관리자 초기화 완료 (모드: lightweight)
2025-07-20 09:16:23,185 - IDSAgent - INFO - 방어 메커니즘이 패킷 캡처 시스템에 성공적으로 등록되었습니다.
2025-07-20 09:16:23,191 - IDSAgent - INFO - 선택된 인터페이스: Wi-Fi
2025-07-20 09:16:23,191 - OptimizedCapture - INFO - 패킷 캡처 시작: Wi-Fi (최대: 무제한)
2025-07-20 09:16:23,193 - IDSAgent - INFO - 강화된 실시간 대시보드 모니터링 시작 (객체 풀링 활성화)
2025-07-20 09:16:23,194 - IDSAgent - INFO - 모니터링 및 학습 스레드 시작 (지연 로딩 활성화)
2025-07-20 09:16:23,194 - IDSAgent - INFO - CLI 전용 모드로 모든 백그라운드 스레드 준비 완료
2025-07-20 09:16:23,194 - IDSAgent - INFO - 사용자 입력 스레드 시작
2025-07-20 09:16:28,294 - OptimizedCapture - DEBUG - [성능] 캡처: 41, 처리: 36, 드롭: 0, 샘플링: 100.0%
2025-07-20 09:16:33,423 - OptimizedCapture - DEBUG - [성능] 캡처: 389, 처리: 369, 드롭: 0, 샘플링: 100.0%
2025-07-20 09:16:38,559 - OptimizedCapture - DEBUG - [성능] 캡처: 1933, 처리: 1765, 드롭: 0, 샘플링: 100.0%
2025-07-20 09:16:43,734 - OptimizedCapture - DEBUG - [성능] 캡처: 7484, 처리: 7296, 드롭: 0, 샘플링: 100.0%
2025-07-20 09:16:48,918 - OptimizedCapture - DEBUG - [성능] 캡처: 8728, 처리: 8652, 드롭: 0, 샘플링: 100.0%
2025-07-20 09:16:54,066 - OptimizedCapture - DEBUG - [성능] 캡처: 10613, 처리: 10469, 드롭: 0, 샘플링: 100.0%
2025-07-20 09:16:59,203 - OptimizedCapture - DEBUG - [성능] 캡처: 12193, 처리: 12136, 드롭: 0, 샘플링: 100.0%
2025-07-20 09:17:04,353 - OptimizedCapture - DEBUG - [성능] 캡처: 13485, 처리: 13437, 드롭: 0, 샘플링: 100.0%
2025-07-20 09:17:09,511 - OptimizedCapture - DEBUG - [성능] 캡처: 14465, 처리: 14233, 드롭: 0, 샘플링: 100.0%
2025-07-20 09:17:14,650 - OptimizedCapture - DEBUG - [성능] 캡처: 15088, 처리: 15043, 드롭: 0, 샘플링: 100.0%
2025-07-20 09:17:19,780 - OptimizedCapture - DEBUG - [성능] 캡처: 16513, 처리: 16473, 드롭: 0, 샘플링: 100.0%
2025-07-20 09:17:23,222 - IDSAgent - DEBUG - 패킷 처리 스레드에서 가비지 컬렉션 수행
2025-07-20 09:17:24,913 - OptimizedCapture - DEBUG - [성능] 캡처: 17861, 처리: 17818, 드롭: 0, 샘플링: 100.0%
2025-07-20 09:17:30,056 - OptimizedCapture - DEBUG - [성능] 캡처: 19667, 처리: 19569, 드롭: 0, 샘플링: 100.0%
